<?xml version="1.0" encoding="UTF-8"?>
<!-- Generated by org.testng.reporters.JUnitReportReporter -->
<testsuite hostname="LAPTOP-9IP5C9V6" failures="0" tests="1" name="byjus.testhome" time="73.281" errors="0" timestamp="2023-01-03T14:31:54 IST" skipped="0">
  <testcase classname="byjus.testhome" name="test" time="73.281"/>
  <system-out/>
</testsuite> <!-- byjus.testhome -->
